<?xml version="1.0" encoding="UTF-8"?>
<testng-results skipped="0" failed="1" ignored="2" total="4" passed="1">
  <reporter-output>
  </reporter-output>
  <suite name="Suite" duration-ms="29456" started-at="2020-08-30T08:54:12 IST" finished-at="2020-08-30T08:54:41 IST">
    <groups>
    </groups>
    <test name="Test" duration-ms="29456" started-at="2020-08-30T08:54:12 IST" finished-at="2020-08-30T08:54:41 IST">
      <class name="framework.testcases.TC001_Login">
        <test-method status="PASS" signature="startBrowser()[pri:0, instance:framework.testcases.TC001_Login@175b9425]" name="startBrowser" is-config="true" duration-ms="14576" started-at="2020-08-30T08:54:12 IST" finished-at="2020-08-30T08:54:27 IST">
          <reporter-output>
          </reporter-output>
        </test-method> <!-- startBrowser -->
        <test-method status="FAIL" signature="user_login(java.lang.String, java.lang.String)[pri:0, instance:framework.testcases.TC001_Login@175b9425]" name="user_login" duration-ms="3615" started-at="2020-08-30T08:54:27 IST" finished-at="2020-08-30T08:54:30 IST">
          <params>
            <param index="0">
              <value>
                <![CDATA[kaushbabbi@gmail.com]]>
              </value>
            </param>
            <param index="1">
              <value>
                <![CDATA[KAUSH@wwe1991]]>
              </value>
            </param>
          </params>
          <exception class="java.lang.AssertionError">
            <message>
              <![CDATA[expected [Hello, kaushik abcbcd] but found [Hello, kaushik]]]>
            </message>
            <full-stacktrace>
              <![CDATA[java.lang.AssertionError: expected [Hello, kaushik abcbcd] but found [Hello, kaushik]
at org.testng.Assert.fail(Assert.java:97)
at org.testng.Assert.assertEqualsImpl(Assert.java:136)
at org.testng.Assert.assertEquals(Assert.java:118)
at org.testng.Assert.assertEquals(Assert.java:575)
at org.testng.Assert.assertEquals(Assert.java:585)
at framework.pages.HomePage.login(HomePage.java:66)
at framework.testcases.TC001_Login.user_login(TC001_Login.java:30)
at sun.reflect.NativeMethodAccessorImpl.invoke0(Native Method)
at sun.reflect.NativeMethodAccessorImpl.invoke(Unknown Source)
at sun.reflect.DelegatingMethodAccessorImpl.invoke(Unknown Source)
at java.lang.reflect.Method.invoke(Unknown Source)
at org.testng.internal.MethodInvocationHelper.invokeMethod(MethodInvocationHelper.java:135)
at org.testng.internal.TestInvoker.invokeMethod(TestInvoker.java:598)
at org.testng.internal.TestInvoker.invokeTestMethod(TestInvoker.java:174)
at org.testng.internal.MethodRunner.runInSequence(MethodRunner.java:46)
at org.testng.internal.TestInvoker$MethodInvocationAgent.invoke(TestInvoker.java:821)
at org.testng.internal.TestInvoker.invokeTestMethods(TestInvoker.java:147)
at org.testng.internal.TestMethodWorker.invokeTestMethods(TestMethodWorker.java:146)
at org.testng.internal.TestMethodWorker.run(TestMethodWorker.java:128)
at java.util.ArrayList.forEach(Unknown Source)
at org.testng.TestRunner.privateRun(TestRunner.java:767)
at org.testng.TestRunner.run(TestRunner.java:588)
at org.testng.SuiteRunner.runTest(SuiteRunner.java:384)
at org.testng.SuiteRunner.runSequentially(SuiteRunner.java:378)
at org.testng.SuiteRunner.privateRun(SuiteRunner.java:337)
at org.testng.SuiteRunner.run(SuiteRunner.java:286)
at org.testng.SuiteRunnerWorker.runSuite(SuiteRunnerWorker.java:53)
at org.testng.SuiteRunnerWorker.run(SuiteRunnerWorker.java:96)
at org.testng.TestNG.runSuitesSequentially(TestNG.java:1214)
at org.testng.TestNG.runSuitesLocally(TestNG.java:1136)
at org.testng.TestNG.runSuites(TestNG.java:1066)
at org.testng.TestNG.run(TestNG.java:1034)
at org.testng.remote.AbstractRemoteTestNG.run(AbstractRemoteTestNG.java:115)
at org.testng.remote.RemoteTestNG.initAndRun(RemoteTestNG.java:251)
at org.testng.remote.RemoteTestNG.main(RemoteTestNG.java:77)
]]>
            </full-stacktrace>
          </exception> <!-- java.lang.AssertionError -->
          <reporter-output>
          </reporter-output>
        </test-method> <!-- user_login -->
        <test-method status="PASS" signature="closeBrowser()[pri:0, instance:framework.testcases.TC001_Login@175b9425]" name="closeBrowser" is-config="true" duration-ms="8875" started-at="2020-08-30T08:54:33 IST" finished-at="2020-08-30T08:54:41 IST">
          <reporter-output>
          </reporter-output>
        </test-method> <!-- closeBrowser -->
      </class> <!-- framework.testcases.TC001_Login -->
      <class name="framework.testcases.TC002_Search_Product">
        <test-method status="PASS" signature="search_product()[pri:1, instance:framework.testcases.TC002_Search_Product@3098cf3b]" name="search_product" duration-ms="1640" started-at="2020-08-30T08:54:31 IST" finished-at="2020-08-30T08:54:33 IST">
          <reporter-output>
          </reporter-output>
        </test-method> <!-- search_product -->
      </class> <!-- framework.testcases.TC002_Search_Product -->
    </test> <!-- Test -->
  </suite> <!-- Suite -->
</testng-results>
